2026-01-20 16:48:31,390 - INFO - Data fetched successfully
2026-01-20 16:49:36,296 - INFO - Data fetched successfully
2026-01-20 16:50:36,245 - INFO - Data fetched successfully
2026-01-20 16:51:35,496 - INFO - Data fetched successfully
2026-01-20 16:51:57,050 - INFO - package: mysql.connector.plugins
2026-01-20 16:51:57,050 - INFO - plugin_name: caching_sha2_password
2026-01-20 16:51:57,050 - INFO - AUTHENTICATION_PLUGIN_CLASS: MySQLCachingSHA2PasswordAuthPlugin
2026-01-20 16:51:57,182 - INFO - Data fetched successfully
2026-01-20 16:52:36,268 - INFO - Data fetched successfully
2026-01-20 16:53:36,285 - INFO - Data fetched successfully
2026-01-20 16:54:36,285 - INFO - Data fetched successfully
2026-01-20 16:55:36,307 - INFO - Data fetched successfully
2026-01-20 16:56:17,568 - INFO - Data fetched successfully
2026-01-20 16:57:22,378 - INFO - Data fetched successfully
2026-01-20 16:58:22,358 - INFO - Data fetched successfully
2026-01-20 23:03:13,902 - INFO - package: mysql.connector.plugins
2026-01-20 23:03:13,903 - INFO - plugin_name: caching_sha2_password
2026-01-20 23:03:13,903 - INFO - AUTHENTICATION_PLUGIN_CLASS: MySQLCachingSHA2PasswordAuthPlugin
2026-01-20 23:03:13,954 - INFO - Data fetched successfully
2026-01-20 23:04:23,887 - INFO - Data fetched successfully
2026-01-20 23:05:23,913 - INFO - Data fetched successfully
2026-01-20 23:15:58,353 - INFO - package: mysql.connector.plugins
2026-01-20 23:15:58,353 - INFO - plugin_name: caching_sha2_password
2026-01-20 23:15:58,353 - INFO - AUTHENTICATION_PLUGIN_CLASS: MySQLCachingSHA2PasswordAuthPlugin
2026-01-20 23:15:58,368 - INFO - Data fetched successfully
2026-01-20 23:16:54,269 - INFO - Data fetched successfully
2026-01-21 11:38:48,273 - INFO - package: mysql.connector.plugins
2026-01-21 11:38:48,274 - INFO - plugin_name: caching_sha2_password
2026-01-21 11:38:48,274 - INFO - AUTHENTICATION_PLUGIN_CLASS: MySQLCachingSHA2PasswordAuthPlugin
2026-01-21 11:38:48,290 - INFO - Data fetched successfully
2026-01-21 11:40:15,510 - INFO - Data fetched successfully
2026-01-21 15:29:51,806 - INFO - package: mysql.connector.plugins
2026-01-21 15:29:51,807 - INFO - plugin_name: caching_sha2_password
2026-01-21 15:29:51,807 - INFO - AUTHENTICATION_PLUGIN_CLASS: MySQLCachingSHA2PasswordAuthPlugin
2026-01-21 15:29:51,849 - INFO - Data fetched successfully
2026-01-21 15:31:01,849 - INFO - Data fetched successfully
2026-01-21 15:32:01,823 - INFO - Data fetched successfully
2026-01-21 15:33:01,808 - INFO - Data fetched successfully
2026-01-21 15:34:01,848 - INFO - Data fetched successfully
2026-01-21 15:35:01,811 - INFO - Data fetched successfully
2026-01-21 15:36:01,274 - INFO - Data fetched successfully
2026-01-21 15:37:01,820 - INFO - Data fetched successfully
2026-01-21 15:38:01,851 - INFO - Data fetched successfully
2026-01-21 15:39:02,798 - INFO - Data fetched successfully
2026-01-21 15:40:03,842 - INFO - Data fetched successfully
2026-01-21 15:41:01,295 - INFO - Data fetched successfully
2026-01-21 15:42:01,320 - INFO - Data fetched successfully
2026-01-21 15:43:01,853 - INFO - Data fetched successfully
2026-01-21 15:44:01,813 - INFO - Data fetched successfully
2026-01-21 15:45:01,814 - INFO - Data fetched successfully
2026-01-21 15:46:01,795 - INFO - Data fetched successfully
2026-01-21 15:47:01,333 - INFO - Data fetched successfully
2026-01-21 15:48:01,272 - INFO - Data fetched successfully
2026-01-21 15:49:01,814 - INFO - Data fetched successfully
2026-01-21 15:50:02,811 - INFO - Data fetched successfully
2026-01-21 15:51:03,913 - INFO - Data fetched successfully
2026-01-21 15:52:01,822 - INFO - Data fetched successfully
2026-01-21 15:53:02,824 - INFO - Data fetched successfully
2026-01-21 15:54:03,792 - INFO - Data fetched successfully
2026-01-21 15:55:04,801 - INFO - Data fetched successfully
2026-01-21 15:56:05,805 - INFO - Data fetched successfully
2026-01-21 15:57:06,855 - INFO - Data fetched successfully
2026-01-21 15:58:07,844 - INFO - Data fetched successfully
2026-01-21 15:59:08,825 - INFO - Data fetched successfully
2026-01-21 16:00:09,831 - INFO - Data fetched successfully
2026-01-21 16:01:10,802 - INFO - Data fetched successfully
2026-01-21 16:02:11,840 - INFO - Data fetched successfully
2026-01-21 16:03:12,843 - INFO - Data fetched successfully
2026-01-21 16:04:01,259 - INFO - Data fetched successfully
2026-01-21 16:05:01,358 - INFO - Data fetched successfully
2026-01-21 16:05:23,258 - INFO - Data fetched successfully
2026-01-21 16:06:27,832 - INFO - Data fetched successfully
2026-01-21 16:06:48,539 - INFO - Data fetched successfully
2026-01-21 16:07:58,214 - INFO - Data fetched successfully
2026-01-21 16:08:49,717 - INFO - Data fetched successfully
2026-01-21 16:09:56,855 - INFO - Data fetched successfully
2026-01-21 16:10:56,790 - INFO - Data fetched successfully
2026-01-21 16:11:04,627 - INFO - Data fetched successfully
2026-01-21 16:12:11,820 - INFO - Data fetched successfully
2026-01-21 16:12:49,295 - INFO - Data fetched successfully
2026-01-21 16:15:12,168 - INFO - Data fetched successfully
2026-01-21 16:15:47,005 - INFO - Data fetched successfully
2026-01-21 16:16:54,870 - INFO - Data fetched successfully
2026-01-21 16:17:09,937 - INFO - Data fetched successfully
2026-01-21 16:17:20,867 - INFO - Data fetched successfully
2026-01-21 16:18:28,810 - INFO - Data fetched successfully
2026-01-21 16:19:15,716 - INFO - Data fetched successfully
2026-01-21 16:19:22,685 - INFO - Data fetched successfully
2026-01-21 16:20:32,128 - INFO - Data fetched successfully
2026-01-21 16:21:39,815 - INFO - Data fetched successfully
2026-01-21 16:22:39,807 - INFO - Data fetched successfully
2026-01-21 16:23:39,828 - INFO - Data fetched successfully
2026-01-21 16:23:52,766 - INFO - Data fetched successfully
2026-01-21 16:25:00,471 - INFO - Data fetched successfully
2026-01-21 16:26:00,844 - INFO - Data fetched successfully
2026-01-21 16:27:00,909 - INFO - Data fetched successfully
2026-01-21 16:28:00,907 - INFO - Data fetched successfully
2026-01-21 16:28:28,166 - INFO - Data fetched successfully
2026-01-21 16:29:43,873 - INFO - Data fetched successfully
2026-01-21 16:30:16,922 - INFO - Data fetched successfully
2026-01-21 16:31:02,390 - INFO - Data fetched successfully
2026-01-21 16:31:24,449 - INFO - Data fetched successfully
2026-01-21 16:31:51,230 - INFO - Data fetched successfully
2026-01-21 16:32:58,828 - INFO - Data fetched successfully
2026-01-21 16:33:58,826 - INFO - Data fetched successfully
2026-01-21 16:34:58,821 - INFO - Data fetched successfully
2026-01-21 16:35:14,616 - INFO - Data fetched successfully
2026-01-21 16:36:24,836 - INFO - Data fetched successfully
2026-01-21 16:37:23,798 - INFO - Data fetched successfully
2026-01-21 16:38:32,809 - INFO - Data fetched successfully
2026-01-21 16:39:05,566 - INFO - Data fetched successfully
2026-01-21 16:39:53,393 - INFO - Data fetched successfully
2026-01-21 16:41:01,861 - INFO - Data fetched successfully
2026-01-21 16:42:01,809 - INFO - Data fetched successfully
2026-01-21 16:42:21,734 - INFO - Data fetched successfully
2026-01-21 16:43:14,437 - INFO - Data fetched successfully
2026-01-21 16:43:39,316 - INFO - Data fetched successfully
2026-01-21 16:46:28,392 - INFO - Data fetched successfully
2026-01-21 16:47:37,742 - INFO - Data fetched successfully
2026-01-21 16:48:18,492 - INFO - Data fetched successfully
2026-01-21 16:48:42,334 - INFO - Data fetched successfully
2026-01-21 16:49:51,981 - INFO - Data fetched successfully
2026-01-21 16:50:51,853 - INFO - Data fetched successfully
2026-01-21 16:51:51,829 - INFO - Data fetched successfully
2026-01-21 16:52:51,787 - INFO - Data fetched successfully
2026-01-21 16:53:51,804 - INFO - Data fetched successfully
2026-01-21 16:54:53,022 - INFO - Data fetched successfully
2026-01-21 16:55:51,821 - INFO - Data fetched successfully
2026-01-21 16:56:52,817 - INFO - Data fetched successfully
2026-01-21 16:57:53,813 - INFO - Data fetched successfully
2026-01-21 16:58:54,940 - INFO - Data fetched successfully
2026-01-21 16:59:03,882 - INFO - Data fetched successfully
2026-01-21 16:59:44,662 - INFO - package: mysql.connector.plugins
2026-01-21 16:59:44,662 - INFO - plugin_name: caching_sha2_password
2026-01-21 16:59:44,662 - INFO - AUTHENTICATION_PLUGIN_CLASS: MySQLCachingSHA2PasswordAuthPlugin
2026-01-21 16:59:44,679 - INFO - Data fetched successfully
2026-01-21 17:00:42,142 - INFO - Data fetched successfully
2026-01-21 17:01:49,177 - INFO - Data fetched successfully
2026-01-21 17:02:27,261 - INFO - Data fetched successfully
2026-01-21 17:03:36,806 - INFO - Data fetched successfully
2026-01-21 17:04:10,624 - INFO - Data fetched successfully
2026-01-21 17:05:18,868 - INFO - Data fetched successfully
2026-01-21 17:06:18,884 - INFO - Data fetched successfully
2026-01-21 17:07:18,875 - INFO - Data fetched successfully
2026-01-21 17:08:09,500 - INFO - Data fetched successfully
2026-01-21 17:09:18,867 - INFO - Data fetched successfully
2026-01-21 17:10:18,789 - INFO - Data fetched successfully
2026-01-21 17:11:16,868 - INFO - Data fetched successfully
2026-01-21 17:12:26,838 - INFO - Data fetched successfully
2026-01-21 17:13:26,906 - INFO - Data fetched successfully
2026-01-21 17:14:26,971 - INFO - Data fetched successfully
2026-01-21 17:15:26,913 - INFO - Data fetched successfully
2026-01-21 17:16:26,872 - INFO - Data fetched successfully
2026-01-21 17:17:26,808 - INFO - Data fetched successfully
2026-01-21 17:18:26,813 - INFO - Data fetched successfully
2026-01-21 17:19:27,916 - INFO - Data fetched successfully
2026-01-21 17:20:26,295 - INFO - Data fetched successfully
2026-01-21 17:21:26,832 - INFO - Data fetched successfully
2026-01-21 17:22:00,432 - INFO - Data fetched successfully
2026-01-21 17:22:09,250 - INFO - Data fetched successfully
2026-01-21 17:23:17,810 - INFO - Data fetched successfully
2026-01-21 17:24:17,849 - INFO - Data fetched successfully
2026-01-21 17:25:17,807 - INFO - Data fetched successfully
2026-01-21 17:26:17,837 - INFO - Data fetched successfully
2026-01-21 17:27:17,875 - INFO - Data fetched successfully
2026-01-21 17:28:17,834 - INFO - Data fetched successfully
2026-01-21 17:29:18,422 - INFO - Data fetched successfully
2026-01-21 17:30:26,862 - INFO - Data fetched successfully
2026-01-21 17:31:26,842 - INFO - Data fetched successfully
2026-01-21 17:32:26,866 - INFO - Data fetched successfully
2026-01-21 17:33:26,856 - INFO - Data fetched successfully
2026-01-21 17:34:26,866 - INFO - Data fetched successfully
2026-01-21 17:34:31,494 - INFO - Data fetched successfully
2026-01-21 17:34:56,239 - INFO - Data fetched successfully
2026-01-21 17:36:05,842 - INFO - Data fetched successfully
2026-01-21 17:37:05,862 - INFO - Data fetched successfully
2026-01-21 17:38:05,822 - INFO - Data fetched successfully
2026-01-21 17:39:05,829 - INFO - Data fetched successfully
2026-01-21 17:40:05,822 - INFO - Data fetched successfully
2026-01-21 17:41:05,877 - INFO - Data fetched successfully
2026-01-21 17:41:38,691 - INFO - Data fetched successfully
2026-01-21 17:42:08,911 - INFO - Data fetched successfully
2026-01-21 17:43:15,820 - INFO - Data fetched successfully
2026-01-21 17:44:15,248 - INFO - Data fetched successfully
2026-01-21 17:44:50,281 - INFO - Data fetched successfully
2026-01-21 17:46:01,803 - INFO - Data fetched successfully
2026-01-21 17:47:01,805 - INFO - Data fetched successfully
2026-01-21 17:48:01,822 - INFO - Data fetched successfully
2026-01-21 17:49:01,843 - INFO - Data fetched successfully
2026-01-21 17:50:02,023 - INFO - Data fetched successfully
2026-01-21 17:51:01,790 - INFO - Data fetched successfully
2026-01-21 17:52:01,826 - INFO - Data fetched successfully
2026-01-21 17:56:02,922 - INFO - Data fetched successfully
2026-01-21 17:57:11,950 - INFO - Data fetched successfully
2026-01-21 17:58:12,108 - INFO - Data fetched successfully
2026-01-21 17:58:32,190 - INFO - Data fetched successfully
2026-01-21 17:58:39,800 - INFO - Data fetched successfully
2026-01-21 17:59:46,837 - INFO - Data fetched successfully
2026-01-21 18:00:03,211 - INFO - Data fetched successfully
2026-01-21 18:01:12,819 - INFO - Data fetched successfully
2026-01-21 18:02:12,843 - INFO - Data fetched successfully
2026-01-21 18:03:12,809 - INFO - Data fetched successfully
2026-01-21 18:05:33,761 - INFO - Data fetched successfully
2026-01-21 18:05:46,574 - INFO - Data fetched successfully
2026-01-21 18:06:52,813 - INFO - Data fetched successfully
2026-01-21 18:07:52,872 - INFO - Data fetched successfully
2026-01-21 18:08:08,950 - INFO - Data fetched successfully
2026-01-21 18:09:49,169 - INFO - Data fetched successfully
2026-01-21 18:10:05,572 - INFO - Data fetched successfully
2026-01-21 18:11:03,684 - INFO - Data fetched successfully
2026-01-21 18:11:45,806 - INFO - Data fetched successfully
2026-01-21 18:12:51,805 - INFO - Data fetched successfully
2026-01-21 18:13:23,476 - INFO - Data fetched successfully
2026-01-21 18:13:27,481 - INFO - Data fetched successfully
2026-01-21 18:14:00,115 - INFO - package: mysql.connector.plugins
2026-01-21 18:14:00,116 - INFO - plugin_name: caching_sha2_password
2026-01-21 18:14:00,116 - INFO - AUTHENTICATION_PLUGIN_CLASS: MySQLCachingSHA2PasswordAuthPlugin
2026-01-21 18:14:00,130 - INFO - Data fetched successfully
2026-01-21 18:15:10,827 - INFO - Data fetched successfully
2026-01-21 18:16:10,782 - INFO - Data fetched successfully
2026-01-21 18:17:10,836 - INFO - Data fetched successfully
2026-01-21 18:18:10,856 - INFO - Data fetched successfully
2026-01-21 18:18:19,890 - INFO - Data fetched successfully
2026-01-21 18:19:26,838 - INFO - Data fetched successfully
2026-01-21 18:19:57,061 - INFO - Data fetched successfully
2026-01-21 18:20:33,583 - INFO - Data fetched successfully
2026-01-21 18:21:42,795 - INFO - Data fetched successfully
2026-01-21 18:22:26,913 - INFO - Data fetched successfully
2026-01-21 18:40:27,284 - INFO - package: mysql.connector.plugins
2026-01-21 18:40:27,284 - INFO - plugin_name: caching_sha2_password
2026-01-21 18:40:27,284 - INFO - AUTHENTICATION_PLUGIN_CLASS: MySQLCachingSHA2PasswordAuthPlugin
2026-01-21 18:40:27,326 - INFO - Data fetched successfully
2026-01-21 18:40:30,954 - INFO - Data fetched successfully
2026-01-21 18:41:39,289 - INFO - Data fetched successfully
2026-01-21 18:42:39,274 - INFO - Data fetched successfully
2026-01-21 18:43:40,254 - INFO - Data fetched successfully
2026-01-21 18:44:40,264 - INFO - Data fetched successfully
2026-01-21 18:45:40,271 - INFO - Data fetched successfully
2026-01-21 18:46:40,288 - INFO - Data fetched successfully
2026-01-21 18:47:04,551 - INFO - Data fetched successfully
2026-01-21 18:48:11,540 - INFO - Data fetched successfully
2026-01-21 18:49:11,261 - INFO - Data fetched successfully
2026-01-21 18:50:11,238 - INFO - Data fetched successfully
2026-01-21 18:51:11,286 - INFO - Data fetched successfully
2026-01-21 18:52:01,209 - INFO - Data fetched successfully
2026-01-21 18:53:08,351 - INFO - Data fetched successfully
2026-01-21 18:54:15,268 - INFO - Data fetched successfully
2026-01-21 18:55:15,287 - INFO - Data fetched successfully
2026-01-21 18:56:06,221 - INFO - Data fetched successfully
2026-01-21 18:57:12,996 - INFO - Data fetched successfully
2026-01-21 18:58:13,258 - INFO - Data fetched successfully
2026-01-21 18:59:13,277 - INFO - Data fetched successfully
2026-01-21 19:00:13,307 - INFO - Data fetched successfully
2026-01-21 19:01:13,295 - INFO - Data fetched successfully
2026-01-21 19:02:13,265 - INFO - Data fetched successfully
2026-01-21 19:03:13,268 - INFO - Data fetched successfully
2026-01-21 19:04:14,260 - INFO - Data fetched successfully
2026-01-21 19:05:15,501 - INFO - Data fetched successfully
2026-01-21 19:06:13,306 - INFO - Data fetched successfully
2026-01-21 19:20:34,811 - INFO - package: mysql.connector.plugins
2026-01-21 19:20:34,812 - INFO - plugin_name: caching_sha2_password
2026-01-21 19:20:34,812 - INFO - AUTHENTICATION_PLUGIN_CLASS: MySQLCachingSHA2PasswordAuthPlugin
2026-01-21 19:20:34,826 - INFO - Data fetched successfully
2026-01-21 19:21:44,735 - INFO - Data fetched successfully
2026-01-21 19:22:45,278 - INFO - Data fetched successfully
2026-01-21 19:23:45,241 - INFO - Data fetched successfully
2026-01-21 19:24:45,268 - INFO - Data fetched successfully
2026-01-21 19:25:46,098 - INFO - Data fetched successfully
2026-01-21 19:26:54,278 - INFO - Data fetched successfully
2026-01-21 19:27:35,542 - INFO - Data fetched successfully
2026-01-21 19:28:44,258 - INFO - Data fetched successfully
2026-01-21 19:29:44,238 - INFO - Data fetched successfully
2026-01-21 19:30:04,276 - INFO - Data fetched successfully
2026-01-21 19:31:12,579 - INFO - Data fetched successfully
2026-01-21 19:32:20,264 - INFO - Data fetched successfully
2026-01-21 19:33:20,243 - INFO - Data fetched successfully
2026-01-21 19:34:20,296 - INFO - Data fetched successfully
2026-01-21 19:35:20,315 - INFO - Data fetched successfully
2026-01-21 19:36:20,300 - INFO - Data fetched successfully
2026-01-21 19:37:20,254 - INFO - Data fetched successfully
2026-01-21 19:38:20,234 - INFO - Data fetched successfully
2026-01-21 19:39:21,252 - INFO - Data fetched successfully
2026-01-21 19:40:22,328 - INFO - Data fetched successfully
2026-01-21 19:40:33,991 - INFO - Data fetched successfully
2026-01-21 19:41:41,267 - INFO - Data fetched successfully
2026-01-21 19:42:41,284 - INFO - Data fetched successfully
2026-01-21 19:43:41,261 - INFO - Data fetched successfully
2026-01-21 19:44:26,776 - INFO - Data fetched successfully
2026-01-21 19:45:35,284 - INFO - Data fetched successfully
2026-01-21 19:46:35,347 - INFO - Data fetched successfully
2026-01-21 19:46:52,386 - INFO - Data fetched successfully
2026-01-21 19:47:59,990 - INFO - Data fetched successfully
2026-01-21 19:48:23,421 - INFO - Data fetched successfully
2026-01-21 19:49:08,035 - INFO - Data fetched successfully
2026-01-21 20:01:08,814 - INFO - package: mysql.connector.plugins
2026-01-21 20:01:08,815 - INFO - plugin_name: caching_sha2_password
2026-01-21 20:01:08,815 - INFO - AUTHENTICATION_PLUGIN_CLASS: MySQLCachingSHA2PasswordAuthPlugin
2026-01-21 20:01:08,828 - INFO - Data fetched successfully
2026-01-21 20:02:18,273 - INFO - Data fetched successfully
2026-01-21 20:03:33,290 - INFO - Data fetched successfully
2026-01-21 20:04:33,273 - INFO - Data fetched successfully
2026-01-21 20:05:33,286 - INFO - Data fetched successfully
2026-01-21 20:06:33,306 - INFO - Data fetched successfully
2026-01-21 20:08:11,636 - INFO - Data fetched successfully
2026-01-21 20:10:56,410 - INFO - Data fetched successfully
2026-01-21 22:54:04,019 - INFO - package: mysql.connector.plugins
2026-01-21 22:54:04,020 - INFO - plugin_name: caching_sha2_password
2026-01-21 22:54:04,020 - INFO - AUTHENTICATION_PLUGIN_CLASS: MySQLCachingSHA2PasswordAuthPlugin
2026-01-21 22:54:04,066 - INFO - Data fetched successfully
2026-01-23 12:44:07,334 - INFO - package: mysql.connector.plugins
2026-01-23 12:44:07,336 - INFO - plugin_name: caching_sha2_password
2026-01-23 12:44:07,336 - INFO - AUTHENTICATION_PLUGIN_CLASS: MySQLCachingSHA2PasswordAuthPlugin
2026-01-23 12:44:07,489 - INFO - Data fetched successfully
2026-01-23 12:45:28,497 - INFO - Data fetched successfully
2026-01-23 12:46:29,053 - INFO - Data fetched successfully
2026-01-23 12:47:28,491 - INFO - Data fetched successfully
2026-01-23 12:48:28,516 - INFO - Data fetched successfully
2026-01-23 19:43:24,269 - INFO - package: mysql.connector.plugins
2026-01-23 19:43:24,271 - INFO - plugin_name: caching_sha2_password
2026-01-23 19:43:24,271 - INFO - AUTHENTICATION_PLUGIN_CLASS: MySQLCachingSHA2PasswordAuthPlugin
2026-01-23 19:43:24,318 - INFO - Data fetched successfully
2026-01-23 19:44:35,525 - INFO - Data fetched successfully
2026-01-23 19:45:35,549 - INFO - Data fetched successfully
2026-01-23 19:46:35,575 - INFO - Data fetched successfully
2026-01-23 19:47:35,589 - INFO - Data fetched successfully
2026-01-23 19:47:45,763 - INFO - Data fetched successfully
2026-01-23 19:48:05,109 - INFO - Data fetched successfully
2026-01-23 19:48:38,041 - INFO - Data fetched successfully
2026-01-23 19:49:45,510 - INFO - Data fetched successfully
2026-01-23 19:50:45,552 - INFO - Data fetched successfully
2026-01-23 19:51:45,527 - INFO - Data fetched successfully
2026-01-23 19:52:45,506 - INFO - Data fetched successfully
2026-01-23 19:53:45,784 - INFO - Data fetched successfully
2026-01-23 19:54:29,075 - INFO - Data fetched successfully
2026-01-23 19:55:37,554 - INFO - Data fetched successfully
2026-01-23 19:56:37,493 - INFO - Data fetched successfully
2026-01-23 19:57:37,498 - INFO - Data fetched successfully
2026-01-23 19:58:37,548 - INFO - Data fetched successfully
2026-01-23 19:58:54,310 - INFO - Data fetched successfully
2026-01-23 19:59:21,974 - INFO - Data fetched successfully
2026-01-23 20:00:29,137 - INFO - Data fetched successfully
2026-01-23 20:01:29,600 - INFO - Data fetched successfully
2026-01-23 20:02:13,810 - INFO - Data fetched successfully
2026-01-23 20:03:22,544 - INFO - Data fetched successfully
2026-01-23 20:03:54,809 - INFO - Data fetched successfully
2026-01-23 20:05:02,512 - INFO - Data fetched successfully
2026-01-23 20:05:18,944 - INFO - Data fetched successfully
2026-01-23 20:05:49,004 - INFO - Data fetched successfully
2026-01-23 20:06:10,701 - INFO - Data fetched successfully
2026-01-23 20:07:19,485 - INFO - Data fetched successfully
2026-01-23 20:08:18,989 - INFO - Data fetched successfully
2026-01-23 20:09:19,046 - INFO - Data fetched successfully
2026-01-23 20:09:28,847 - INFO - Data fetched successfully
2026-01-23 20:10:35,878 - INFO - Data fetched successfully
2026-01-23 20:11:09,003 - INFO - Data fetched successfully
2026-01-23 20:12:07,479 - INFO - Data fetched successfully
2026-01-23 20:12:38,550 - INFO - Data fetched successfully
2026-01-23 20:13:43,999 - INFO - Data fetched successfully
2026-01-23 20:14:48,546 - INFO - Data fetched successfully
2026-01-23 20:15:55,507 - INFO - Data fetched successfully
2026-01-23 20:16:25,863 - INFO - Data fetched successfully
2026-01-23 20:18:12,470 - INFO - Data fetched successfully
2026-01-23 20:19:20,282 - INFO - Data fetched successfully
2026-01-23 20:20:10,658 - INFO - Data fetched successfully
2026-01-23 20:21:09,417 - INFO - Data fetched successfully
2026-01-23 20:22:16,695 - INFO - Data fetched successfully
2026-01-23 20:23:17,518 - INFO - Data fetched successfully
2026-01-23 20:24:17,509 - INFO - Data fetched successfully
2026-01-23 20:24:55,154 - INFO - Data fetched successfully
2026-01-23 20:26:29,540 - INFO - Data fetched successfully
2026-01-23 20:26:38,584 - INFO - Data fetched successfully
2026-01-23 20:27:46,527 - INFO - Data fetched successfully
2026-01-23 20:28:46,516 - INFO - Data fetched successfully
2026-01-23 20:29:16,359 - INFO - Data fetched successfully
2026-01-23 20:30:24,762 - INFO - Data fetched successfully
2026-01-23 20:31:02,309 - INFO - Data fetched successfully
2026-01-23 20:32:14,557 - INFO - Data fetched successfully
2026-01-23 20:33:14,558 - INFO - Data fetched successfully
2026-01-23 20:33:38,517 - INFO - Data fetched successfully
2026-01-23 20:34:21,211 - INFO - Data fetched successfully
2026-01-23 20:35:29,541 - INFO - Data fetched successfully
2026-01-23 20:36:29,588 - INFO - Data fetched successfully
2026-01-23 20:36:54,656 - INFO - Data fetched successfully
2026-01-23 20:37:21,985 - INFO - Data fetched successfully
2026-01-23 20:37:45,937 - INFO - Data fetched successfully
2026-01-23 20:38:22,462 - INFO - Data fetched successfully
2026-01-23 20:39:29,976 - INFO - Data fetched successfully
2026-01-23 20:40:30,474 - INFO - Data fetched successfully
2026-01-23 20:40:58,733 - INFO - Data fetched successfully
2026-01-23 20:41:54,590 - INFO - Data fetched successfully
2026-01-23 20:43:02,413 - INFO - Data fetched successfully
2026-01-23 20:44:02,430 - INFO - Data fetched successfully
2026-01-23 20:45:02,600 - INFO - Data fetched successfully
2026-01-23 20:45:26,889 - INFO - Data fetched successfully
2026-01-23 20:46:50,096 - INFO - Data fetched successfully
2026-01-23 20:47:42,612 - INFO - Data fetched successfully
2026-01-23 20:48:20,100 - INFO - Data fetched successfully
2026-01-23 20:49:28,502 - INFO - Data fetched successfully
2026-01-23 20:50:28,549 - INFO - Data fetched successfully
2026-01-23 20:51:28,527 - INFO - Data fetched successfully
2026-01-23 20:52:28,535 - INFO - Data fetched successfully
2026-01-23 20:53:01,822 - INFO - Data fetched successfully
2026-01-23 20:54:10,551 - INFO - Data fetched successfully
2026-01-23 20:55:50,485 - INFO - Data fetched successfully
2026-01-23 20:56:58,480 - INFO - Data fetched successfully
2026-01-23 20:57:58,502 - INFO - Data fetched successfully
2026-01-23 20:58:31,613 - INFO - Data fetched successfully
2026-01-23 20:59:43,511 - INFO - Data fetched successfully
2026-01-23 21:00:11,505 - INFO - Data fetched successfully
2026-01-23 21:01:31,525 - INFO - Data fetched successfully
2026-01-23 21:02:09,620 - INFO - Data fetched successfully
2026-01-23 21:03:16,498 - INFO - Data fetched successfully
2026-01-23 21:04:16,546 - INFO - Data fetched successfully
2026-01-23 21:05:16,495 - INFO - Data fetched successfully
2026-01-23 21:06:16,581 - INFO - Data fetched successfully
2026-01-23 21:07:16,537 - INFO - Data fetched successfully
2026-01-23 21:08:05,574 - INFO - Data fetched successfully
2026-01-23 21:09:47,342 - INFO - Data fetched successfully
2026-01-23 21:10:33,610 - INFO - Data fetched successfully
2026-01-23 21:10:56,726 - INFO - Data fetched successfully
2026-01-23 21:12:04,362 - INFO - Data fetched successfully
2026-01-23 21:13:04,506 - INFO - Data fetched successfully
2026-01-23 21:13:43,423 - INFO - Data fetched successfully
2026-01-23 21:14:51,555 - INFO - Data fetched successfully
2026-01-23 21:15:51,502 - INFO - Data fetched successfully
2026-01-23 21:16:51,599 - INFO - Data fetched successfully
2026-01-23 21:17:02,065 - INFO - Data fetched successfully
2026-01-23 21:17:48,255 - INFO - Data fetched successfully
2026-01-23 21:18:58,757 - INFO - Data fetched successfully
2026-01-23 21:20:06,535 - INFO - Data fetched successfully
2026-01-23 21:20:20,183 - INFO - Data fetched successfully
2026-01-25 10:07:04,170 - INFO - package: mysql.connector.plugins
2026-01-25 10:07:04,171 - INFO - plugin_name: caching_sha2_password
2026-01-25 10:07:04,171 - INFO - AUTHENTICATION_PLUGIN_CLASS: MySQLCachingSHA2PasswordAuthPlugin
2026-01-25 10:07:04,216 - INFO - Data fetched successfully
2026-01-25 10:08:20,064 - INFO - Data fetched successfully
2026-01-25 10:09:20,004 - INFO - Data fetched successfully
2026-01-25 10:10:20,149 - INFO - Data fetched successfully
2026-01-25 10:11:20,041 - INFO - Data fetched successfully
2026-01-25 10:12:20,031 - INFO - Data fetched successfully
2026-01-25 10:13:20,183 - INFO - Data fetched successfully
2026-01-25 10:14:08,531 - INFO - Data fetched successfully
2026-01-25 10:15:16,036 - INFO - Data fetched successfully
2026-01-25 10:16:16,211 - INFO - Data fetched successfully
2026-01-25 10:17:16,027 - INFO - Data fetched successfully
2026-01-25 10:17:55,734 - INFO - Data fetched successfully
2026-01-25 10:19:04,018 - INFO - Data fetched successfully
2026-01-25 10:19:19,394 - INFO - Data fetched successfully
2026-01-25 10:20:03,984 - INFO - Data fetched successfully
2026-01-25 10:20:51,150 - INFO - Data fetched successfully
2026-01-25 10:21:18,796 - INFO - Data fetched successfully
2026-01-25 10:21:49,284 - INFO - Data fetched successfully
2026-01-25 10:23:31,895 - INFO - Data fetched successfully
2026-01-25 10:23:48,873 - INFO - Data fetched successfully
2026-01-25 10:24:56,300 - INFO - Data fetched successfully
2026-01-25 10:25:57,022 - INFO - Data fetched successfully
2026-01-25 10:26:57,027 - INFO - Data fetched successfully
2026-01-25 10:27:24,027 - INFO - Data fetched successfully
2026-01-25 10:31:20,427 - INFO - package: mysql.connector.plugins
2026-01-25 10:31:20,427 - INFO - plugin_name: caching_sha2_password
2026-01-25 10:31:20,427 - INFO - AUTHENTICATION_PLUGIN_CLASS: MySQLCachingSHA2PasswordAuthPlugin
2026-01-25 10:31:20,560 - INFO - Data fetched successfully
2026-01-25 10:32:15,257 - INFO - Data fetched successfully
2026-01-25 10:32:39,591 - INFO - Data fetched successfully
2026-01-25 10:32:46,805 - INFO - Data fetched successfully
2026-01-25 10:33:19,214 - INFO - Data fetched successfully
2026-01-25 10:33:46,821 - INFO - Data fetched successfully
2026-01-25 10:33:51,403 - INFO - Data fetched successfully
2026-01-25 10:34:03,150 - INFO - Data fetched successfully
2026-01-25 10:34:46,778 - INFO - Data fetched successfully
2026-01-25 10:34:57,239 - INFO - Data fetched successfully
2026-01-25 10:35:46,797 - INFO - Data fetched successfully
2026-01-25 10:36:11,327 - INFO - Data fetched successfully
2026-01-25 10:36:20,916 - INFO - Data fetched successfully
2026-01-25 10:37:29,008 - INFO - Data fetched successfully
2026-01-25 10:38:29,071 - INFO - Data fetched successfully
2026-01-25 10:39:06,534 - INFO - Data fetched successfully
2026-01-25 10:39:41,913 - INFO - Data fetched successfully
2026-01-25 10:40:49,227 - INFO - Data fetched successfully
2026-01-25 10:41:50,023 - INFO - Data fetched successfully
2026-01-25 10:42:34,103 - INFO - Data fetched successfully
2026-01-25 10:42:56,954 - INFO - Data fetched successfully
2026-01-25 10:43:03,727 - INFO - Data fetched successfully
2026-01-25 10:43:12,944 - INFO - Data fetched successfully
2026-01-25 10:43:20,444 - INFO - Data fetched successfully
2026-01-25 10:43:24,466 - INFO - Data fetched successfully
2026-01-25 10:43:27,773 - INFO - Data fetched successfully
2026-01-25 10:43:34,444 - INFO - Data fetched successfully
2026-01-25 10:43:38,891 - INFO - Data fetched successfully
2026-01-25 10:43:43,050 - INFO - Data fetched successfully
2026-01-25 10:44:02,737 - INFO - Data fetched successfully
2026-01-25 10:44:34,810 - INFO - Data fetched successfully
2026-01-25 10:45:41,582 - INFO - Data fetched successfully
2026-01-25 10:46:03,809 - INFO - Data fetched successfully
2026-01-25 10:47:13,026 - INFO - Data fetched successfully
2026-01-25 10:47:40,316 - INFO - Data fetched successfully
2026-01-25 10:48:01,957 - INFO - Data fetched successfully
2026-01-25 10:49:22,016 - INFO - Data fetched successfully
2026-01-25 10:50:22,007 - INFO - Data fetched successfully
2026-01-25 10:51:22,003 - INFO - Data fetched successfully
2026-01-25 10:52:21,995 - INFO - Data fetched successfully
2026-01-25 10:53:22,060 - INFO - Data fetched successfully
2026-01-25 10:54:22,033 - INFO - Data fetched successfully
2026-01-25 10:55:22,018 - INFO - Data fetched successfully
2026-01-25 10:56:23,008 - INFO - Data fetched successfully
2026-01-25 10:57:24,009 - INFO - Data fetched successfully
2026-01-25 10:58:23,791 - INFO - Data fetched successfully
2026-01-25 10:59:24,616 - INFO - Data fetched successfully
2026-01-25 11:00:25,604 - INFO - Data fetched successfully
2026-01-25 11:01:26,622 - INFO - Data fetched successfully
2026-01-25 11:02:27,625 - INFO - Data fetched successfully
2026-01-25 11:03:28,608 - INFO - Data fetched successfully
2026-01-25 11:04:29,619 - INFO - Data fetched successfully
2026-01-25 11:05:30,620 - INFO - Data fetched successfully
2026-01-25 11:06:31,621 - INFO - Data fetched successfully
2026-01-25 11:07:32,632 - INFO - Data fetched successfully
2026-01-25 11:08:33,637 - INFO - Data fetched successfully
2026-01-25 11:09:34,674 - INFO - Data fetched successfully
2026-01-25 11:10:35,634 - INFO - Data fetched successfully
2026-01-25 11:11:36,622 - INFO - Data fetched successfully
2026-01-25 11:12:20,352 - INFO - Data fetched successfully
2026-01-25 11:13:20,332 - INFO - Data fetched successfully
2026-01-25 11:14:20,421 - INFO - Data fetched successfully
2026-01-25 11:18:18,903 - INFO - Data fetched successfully
2026-01-25 11:22:10,700 - INFO - Data fetched successfully
2026-01-25 11:23:31,998 - INFO - Data fetched successfully
2026-01-25 11:24:31,969 - INFO - Data fetched successfully
2026-01-25 11:25:32,623 - INFO - Data fetched successfully
2026-01-25 11:26:32,616 - INFO - Data fetched successfully
2026-01-25 11:27:32,678 - INFO - Data fetched successfully
2026-01-25 11:28:32,605 - INFO - Data fetched successfully
2026-01-25 11:29:32,623 - INFO - Data fetched successfully
2026-01-25 11:30:33,630 - INFO - Data fetched successfully
2026-01-25 11:31:34,643 - INFO - Data fetched successfully
2026-01-25 11:32:35,591 - INFO - Data fetched successfully
2026-01-25 11:33:36,693 - INFO - Data fetched successfully
2026-01-25 11:36:52,881 - INFO - Data fetched successfully
2026-01-25 11:38:01,624 - INFO - Data fetched successfully
2026-01-25 11:39:00,832 - INFO - Data fetched successfully
2026-01-25 11:40:01,637 - INFO - Data fetched successfully
2026-01-25 11:41:01,644 - INFO - Data fetched successfully
2026-01-25 11:42:01,620 - INFO - Data fetched successfully
2026-01-25 11:43:01,615 - INFO - Data fetched successfully
2026-01-25 11:44:01,619 - INFO - Data fetched successfully
2026-01-25 11:45:01,654 - INFO - Data fetched successfully
2026-01-25 11:46:01,653 - INFO - Data fetched successfully
2026-01-25 11:47:02,636 - INFO - Data fetched successfully
2026-01-25 11:48:03,721 - INFO - Data fetched successfully
2026-01-25 11:48:57,188 - INFO - Data fetched successfully
2026-01-25 11:50:05,643 - INFO - Data fetched successfully
2026-01-25 11:51:05,717 - INFO - Data fetched successfully
2026-01-25 11:51:14,165 - INFO - Data fetched successfully
2026-01-25 11:52:22,300 - INFO - Data fetched successfully
2026-01-25 11:53:22,702 - INFO - Data fetched successfully
2026-01-25 11:54:22,633 - INFO - Data fetched successfully
2026-01-25 11:55:22,601 - INFO - Data fetched successfully
2026-01-25 11:56:22,615 - INFO - Data fetched successfully
2026-01-25 11:57:22,631 - INFO - Data fetched successfully
2026-01-25 11:58:22,630 - INFO - Data fetched successfully
2026-01-25 11:59:23,623 - INFO - Data fetched successfully
2026-01-25 12:00:24,654 - INFO - Data fetched successfully
2026-01-25 12:01:25,618 - INFO - Data fetched successfully
2026-01-25 12:02:26,634 - INFO - Data fetched successfully
2026-01-25 12:03:27,637 - INFO - Data fetched successfully
2026-01-25 12:04:28,615 - INFO - Data fetched successfully
2026-01-25 12:05:29,624 - INFO - Data fetched successfully
2026-01-25 12:06:30,616 - INFO - Data fetched successfully
2026-01-25 12:07:31,587 - INFO - Data fetched successfully
2026-01-25 12:08:32,640 - INFO - Data fetched successfully
2026-01-25 12:09:33,621 - INFO - Data fetched successfully
2026-01-25 12:10:34,652 - INFO - Data fetched successfully
2026-01-25 12:11:35,664 - INFO - Data fetched successfully
2026-01-25 12:12:36,622 - INFO - Data fetched successfully
2026-01-25 12:13:37,659 - INFO - Data fetched successfully
2026-01-25 12:14:38,625 - INFO - Data fetched successfully
2026-01-25 12:15:39,653 - INFO - Data fetched successfully
2026-01-25 12:16:22,621 - INFO - Data fetched successfully
2026-01-25 12:17:22,614 - INFO - Data fetched successfully
2026-01-25 12:18:23,644 - INFO - Data fetched successfully
2026-01-25 12:19:24,637 - INFO - Data fetched successfully
2026-01-25 12:20:25,615 - INFO - Data fetched successfully
2026-01-25 12:21:26,652 - INFO - Data fetched successfully
2026-01-25 12:22:22,618 - INFO - Data fetched successfully
2026-01-25 12:23:23,596 - INFO - Data fetched successfully
2026-01-25 12:24:24,585 - INFO - Data fetched successfully
2026-01-25 12:25:25,710 - INFO - Data fetched successfully
2026-01-25 12:26:22,654 - INFO - Data fetched successfully
2026-01-25 12:27:23,618 - INFO - Data fetched successfully
2026-01-25 12:28:24,604 - INFO - Data fetched successfully
2026-01-25 12:29:22,591 - INFO - Data fetched successfully
2026-01-25 12:30:23,640 - INFO - Data fetched successfully
2026-01-25 12:31:24,627 - INFO - Data fetched successfully
2026-01-25 12:32:25,665 - INFO - Data fetched successfully
2026-01-25 12:33:26,607 - INFO - Data fetched successfully
2026-01-25 12:34:22,311 - INFO - Data fetched successfully
2026-01-25 12:35:22,624 - INFO - Data fetched successfully
2026-01-25 12:36:23,630 - INFO - Data fetched successfully
2026-01-25 12:37:24,643 - INFO - Data fetched successfully
2026-01-25 12:38:25,620 - INFO - Data fetched successfully
2026-01-25 12:39:26,634 - INFO - Data fetched successfully
2026-01-25 12:40:27,658 - INFO - Data fetched successfully
2026-01-25 12:41:22,615 - INFO - Data fetched successfully
2026-01-25 12:42:22,658 - INFO - Data fetched successfully
2026-01-25 12:43:23,670 - INFO - Data fetched successfully
2026-01-25 12:44:24,635 - INFO - Data fetched successfully
2026-01-25 12:45:25,625 - INFO - Data fetched successfully
2026-01-25 12:46:26,626 - INFO - Data fetched successfully
2026-01-25 12:47:27,617 - INFO - Data fetched successfully
2026-01-25 12:48:22,635 - INFO - Data fetched successfully
2026-01-25 12:49:23,637 - INFO - Data fetched successfully
2026-01-25 12:50:24,615 - INFO - Data fetched successfully
2026-01-25 12:51:25,612 - INFO - Data fetched successfully
2026-01-25 12:52:26,647 - INFO - Data fetched successfully
2026-01-25 12:53:27,608 - INFO - Data fetched successfully
2026-01-25 12:54:28,616 - INFO - Data fetched successfully
2026-01-25 12:55:29,636 - INFO - Data fetched successfully
2026-01-25 12:56:30,604 - INFO - Data fetched successfully
2026-01-25 12:57:31,625 - INFO - Data fetched successfully
2026-01-25 12:58:32,654 - INFO - Data fetched successfully
2026-01-25 12:59:33,632 - INFO - Data fetched successfully
2026-01-25 13:00:34,644 - INFO - Data fetched successfully
2026-01-25 13:01:35,639 - INFO - Data fetched successfully
2026-01-25 13:02:36,630 - INFO - Data fetched successfully
2026-01-25 13:03:37,641 - INFO - Data fetched successfully
2026-01-25 13:04:38,596 - INFO - Data fetched successfully
2026-01-25 13:05:39,610 - INFO - Data fetched successfully
2026-01-25 13:06:40,636 - INFO - Data fetched successfully
2026-01-25 13:07:41,621 - INFO - Data fetched successfully
2026-01-25 13:08:39,247 - INFO - Data fetched successfully
2026-01-25 13:09:22,620 - INFO - Data fetched successfully
2026-01-25 13:10:23,677 - INFO - Data fetched successfully
2026-01-25 13:11:24,622 - INFO - Data fetched successfully
2026-01-25 13:12:22,627 - INFO - Data fetched successfully
2026-01-25 13:13:23,627 - INFO - Data fetched successfully
2026-01-25 13:14:22,615 - INFO - Data fetched successfully
2026-01-25 13:15:23,653 - INFO - Data fetched successfully
2026-01-25 13:16:24,596 - INFO - Data fetched successfully
2026-01-25 17:22:08,274 - INFO - package: mysql.connector.plugins
2026-01-25 17:22:08,275 - INFO - plugin_name: caching_sha2_password
2026-01-25 17:22:08,275 - INFO - AUTHENTICATION_PLUGIN_CLASS: MySQLCachingSHA2PasswordAuthPlugin
2026-01-25 17:22:08,402 - INFO - Data fetched successfully
2026-01-25 17:22:53,140 - INFO - Data fetched successfully
2026-01-25 17:23:01,250 - INFO - Data fetched successfully
2026-01-25 17:23:31,236 - INFO - Data fetched successfully
2026-01-25 17:24:20,427 - INFO - Data fetched successfully
2026-01-25 17:25:06,822 - INFO - Data fetched successfully
2026-01-25 17:25:28,280 - INFO - Data fetched successfully
2026-01-25 17:26:36,285 - INFO - Data fetched successfully
2026-01-25 17:27:36,272 - INFO - Data fetched successfully
2026-01-25 17:28:36,245 - INFO - Data fetched successfully
2026-01-25 17:29:36,371 - INFO - Data fetched successfully
2026-01-25 17:30:36,977 - INFO - Data fetched successfully
2026-01-25 17:31:36,964 - INFO - Data fetched successfully
2026-01-25 17:32:37,051 - INFO - Data fetched successfully
2026-01-25 17:33:37,980 - INFO - Data fetched successfully
2026-01-25 17:34:36,960 - INFO - Data fetched successfully
2026-01-25 17:35:38,057 - INFO - Data fetched successfully
2026-01-25 17:36:39,028 - INFO - Data fetched successfully
2026-01-25 17:41:51,998 - INFO - Data fetched successfully
2026-01-25 17:44:35,194 - INFO - Data fetched successfully
2026-01-25 17:45:43,985 - INFO - Data fetched successfully
2026-01-25 17:46:43,282 - INFO - Data fetched successfully
2026-01-25 17:47:43,979 - INFO - Data fetched successfully
2026-01-25 17:48:43,941 - INFO - Data fetched successfully
2026-01-25 17:49:21,523 - INFO - Data fetched successfully
2026-01-25 17:50:29,823 - INFO - Data fetched successfully
2026-01-25 17:51:30,033 - INFO - Data fetched successfully
2026-01-25 17:52:29,960 - INFO - Data fetched successfully
2026-01-25 17:53:30,102 - INFO - Data fetched successfully
2026-01-25 17:54:16,535 - INFO - Data fetched successfully
2026-01-25 17:55:20,922 - INFO - Data fetched successfully
2026-01-25 17:56:27,996 - INFO - Data fetched successfully
2026-01-25 17:57:27,993 - INFO - Data fetched successfully
2026-01-25 17:58:09,983 - INFO - Data fetched successfully
2026-01-25 17:59:18,011 - INFO - Data fetched successfully
2026-01-25 18:00:17,642 - INFO - Data fetched successfully
2026-01-25 18:01:17,794 - INFO - Data fetched successfully
2026-01-25 18:02:17,982 - INFO - Data fetched successfully
2026-01-25 18:03:02,160 - INFO - Data fetched successfully
2026-01-25 18:03:41,683 - INFO - Data fetched successfully
2026-01-25 18:04:36,211 - INFO - Data fetched successfully
2026-01-25 18:05:45,992 - INFO - Data fetched successfully
2026-01-25 18:06:45,978 - INFO - Data fetched successfully
2026-01-25 18:07:45,978 - INFO - Data fetched successfully
2026-01-25 18:08:45,967 - INFO - Data fetched successfully
2026-01-25 18:09:45,981 - INFO - Data fetched successfully
2026-01-25 18:10:44,998 - INFO - Data fetched successfully
2026-01-25 18:11:45,109 - INFO - Data fetched successfully
2026-01-25 18:12:45,000 - INFO - Data fetched successfully
2026-01-27 11:17:05,222 - INFO - package: mysql.connector.plugins
2026-01-27 11:17:05,223 - INFO - plugin_name: caching_sha2_password
2026-01-27 11:17:05,223 - INFO - AUTHENTICATION_PLUGIN_CLASS: MySQLCachingSHA2PasswordAuthPlugin
2026-01-27 11:17:05,377 - INFO - Data fetched successfully
2026-01-27 11:17:32,380 - INFO - Data fetched successfully
2026-01-27 11:18:20,620 - INFO - Data fetched successfully
2026-01-27 11:18:32,648 - INFO - Data fetched successfully
2026-01-27 11:18:40,448 - INFO - Data fetched successfully
2026-01-27 11:19:40,447 - INFO - Data fetched successfully
2026-01-27 11:19:40,767 - INFO - Data fetched successfully
2026-01-27 11:20:40,424 - INFO - Data fetched successfully
2026-01-27 11:20:40,791 - INFO - Data fetched successfully
2026-01-27 11:21:40,478 - INFO - Data fetched successfully
2026-01-27 11:21:40,813 - INFO - Data fetched successfully
2026-01-27 11:22:40,429 - INFO - Data fetched successfully
2026-01-27 11:22:40,707 - INFO - Data fetched successfully
2026-01-27 11:23:40,454 - INFO - Data fetched successfully
2026-01-27 11:23:40,596 - INFO - Data fetched successfully
2026-01-27 11:24:31,612 - INFO - Data fetched successfully
2026-01-27 11:24:40,399 - INFO - Data fetched successfully
2026-01-27 11:25:39,429 - INFO - Data fetched successfully
2026-01-27 11:25:41,370 - INFO - Data fetched successfully
2026-01-27 11:26:39,387 - INFO - Data fetched successfully
2026-01-27 11:26:42,388 - INFO - Data fetched successfully
2026-01-27 11:27:39,393 - INFO - Data fetched successfully
2026-01-27 11:27:43,419 - INFO - Data fetched successfully
2026-01-27 11:28:39,380 - INFO - Data fetched successfully
2026-01-27 11:28:44,433 - INFO - Data fetched successfully
2026-01-27 11:29:39,684 - INFO - Data fetched successfully
2026-01-27 11:29:45,352 - INFO - Data fetched successfully
2026-01-27 11:30:39,369 - INFO - Data fetched successfully
2026-01-27 11:30:46,468 - INFO - Data fetched successfully
2026-01-27 11:30:52,081 - INFO - Data fetched successfully
2026-01-27 11:47:36,519 - INFO - package: mysql.connector.plugins
2026-01-27 11:47:36,519 - INFO - plugin_name: caching_sha2_password
2026-01-27 11:47:36,519 - INFO - AUTHENTICATION_PLUGIN_CLASS: MySQLCachingSHA2PasswordAuthPlugin
2026-01-27 11:47:36,625 - INFO - Data fetched successfully
2026-01-27 11:49:12,317 - INFO - Data fetched successfully
2026-01-27 11:50:19,392 - INFO - Data fetched successfully
2026-01-27 11:51:19,372 - INFO - Data fetched successfully
2026-01-27 11:52:19,347 - INFO - Data fetched successfully
2026-01-27 11:53:18,848 - INFO - Data fetched successfully
2026-01-27 11:53:39,550 - INFO - Data fetched successfully
2026-01-27 11:54:18,956 - INFO - Data fetched successfully
2026-01-27 11:55:18,922 - INFO - Data fetched successfully
2026-01-27 11:56:18,815 - INFO - Data fetched successfully
2026-01-27 11:57:18,999 - INFO - Data fetched successfully
2026-01-27 12:22:35,924 - INFO - package: mysql.connector.plugins
2026-01-27 12:22:35,925 - INFO - plugin_name: caching_sha2_password
2026-01-27 12:22:35,925 - INFO - AUTHENTICATION_PLUGIN_CLASS: MySQLCachingSHA2PasswordAuthPlugin
2026-01-27 12:22:35,970 - INFO - Data fetched successfully
2026-01-27 12:23:46,745 - INFO - Data fetched successfully
2026-01-27 12:24:46,753 - INFO - Data fetched successfully
2026-01-27 12:25:46,738 - INFO - Data fetched successfully
2026-01-27 12:26:46,738 - INFO - Data fetched successfully
2026-01-27 12:27:36,828 - INFO - Data fetched successfully
2026-01-27 12:28:45,751 - INFO - Data fetched successfully
2026-01-27 12:29:45,883 - INFO - Data fetched successfully
2026-01-27 12:30:04,382 - INFO - Data fetched successfully
2026-01-27 12:31:35,223 - INFO - Data fetched successfully
2026-01-27 12:32:42,763 - INFO - Data fetched successfully
2026-01-27 12:33:42,770 - INFO - Data fetched successfully
2026-01-27 12:34:42,756 - INFO - Data fetched successfully
2026-01-27 12:35:12,883 - INFO - Data fetched successfully
2026-01-27 12:35:31,357 - INFO - Data fetched successfully
2026-01-27 12:35:49,466 - INFO - Data fetched successfully
2026-01-27 12:36:03,549 - INFO - Data fetched successfully
2026-01-27 12:36:17,212 - INFO - Data fetched successfully
2026-01-27 12:36:31,927 - INFO - Data fetched successfully
2026-01-27 12:36:37,198 - INFO - Data fetched successfully
2026-01-27 12:36:50,383 - INFO - Data fetched successfully
2026-01-27 12:37:04,136 - INFO - Data fetched successfully
2026-01-27 12:38:18,596 - INFO - Data fetched successfully
2026-01-27 12:39:44,339 - INFO - Data fetched successfully
2026-01-27 12:39:49,850 - INFO - Data fetched successfully
2026-01-27 12:40:50,731 - INFO - Data fetched successfully
2026-01-27 12:41:50,760 - INFO - Data fetched successfully
2026-01-27 12:42:15,740 - INFO - Data fetched successfully
2026-01-27 12:42:49,795 - INFO - Data fetched successfully
2026-01-27 12:44:06,719 - INFO - Data fetched successfully
2026-01-27 12:45:06,714 - INFO - Data fetched successfully
2026-01-27 12:45:51,552 - INFO - Data fetched successfully
2026-01-27 12:46:06,695 - INFO - Data fetched successfully
2026-01-27 12:47:06,731 - INFO - Data fetched successfully
2026-01-27 12:48:06,756 - INFO - Data fetched successfully
2026-01-27 12:49:06,792 - INFO - Data fetched successfully
2026-01-27 12:49:15,918 - INFO - Data fetched successfully
2026-01-27 12:50:23,674 - INFO - Data fetched successfully
2026-01-27 12:50:44,090 - INFO - Data fetched successfully
2026-01-27 12:51:02,234 - INFO - Data fetched successfully
2026-01-27 12:51:19,418 - INFO - Data fetched successfully
2026-01-27 12:51:23,721 - INFO - Data fetched successfully
2026-01-27 12:51:32,880 - INFO - Data fetched successfully
2026-01-27 12:51:48,096 - INFO - Data fetched successfully
2026-01-27 12:52:08,865 - INFO - Data fetched successfully
2026-01-27 12:53:57,001 - INFO - Data fetched successfully
2026-01-27 12:54:56,736 - INFO - Data fetched successfully
2026-01-27 14:24:13,770 - INFO - package: mysql.connector.plugins
2026-01-27 14:24:13,771 - INFO - plugin_name: caching_sha2_password
2026-01-27 14:24:13,772 - INFO - AUTHENTICATION_PLUGIN_CLASS: MySQLCachingSHA2PasswordAuthPlugin
2026-01-27 14:24:13,922 - INFO - Data fetched successfully
2026-01-27 14:25:36,819 - INFO - Data fetched successfully
2026-01-27 14:26:36,844 - INFO - Data fetched successfully
2026-01-27 14:26:49,695 - INFO - Data fetched successfully
2026-01-27 14:27:12,822 - INFO - Data fetched successfully
2026-01-27 14:28:17,739 - INFO - Data fetched successfully
2026-01-27 14:29:17,755 - INFO - Data fetched successfully
2026-01-27 14:30:17,759 - INFO - Data fetched successfully
2026-01-27 14:31:17,756 - INFO - Data fetched successfully
2026-01-27 14:32:17,882 - INFO - Data fetched successfully
2026-01-27 16:02:48,705 - INFO - package: mysql.connector.plugins
2026-01-27 16:02:48,706 - INFO - plugin_name: caching_sha2_password
2026-01-27 16:02:48,706 - INFO - AUTHENTICATION_PLUGIN_CLASS: MySQLCachingSHA2PasswordAuthPlugin
2026-01-27 16:02:48,791 - ERROR - Database error: Execution failed on sql '
            SELECT t.transaction_id,
            t.quantity,
            t.price,
            t.total,
            t.transaction_time,
            t.product_id,
            c.category_name AS category
            FROM transactions t
            LEFT JOIN categories c
            ON t.category_id = c.category_id

        ': 1146 (42S02): Table 'live_data_project.categories' doesn't exist
2026-01-27 16:03:55,029 - INFO - package: mysql.connector.plugins
2026-01-27 16:03:55,030 - INFO - plugin_name: caching_sha2_password
2026-01-27 16:03:55,030 - INFO - AUTHENTICATION_PLUGIN_CLASS: MySQLCachingSHA2PasswordAuthPlugin
2026-01-27 16:03:55,047 - ERROR - Database error: Execution failed on sql '
            SELECT t.transaction_id,
            t.quantity,
            t.price,
            t.total,
            t.transaction_time,
            t.product_id,
            c.category_name AS category
            FROM transactions t
            LEFT JOIN categories c
            ON t.category_id = c.category_id

        ': 1146 (42S02): Table 'live_data_project.categories' doesn't exist
2026-01-27 16:10:53,484 - ERROR - Database error: Execution failed on sql '
            SELECT
            t.transaction_id,
            t.quantity,
            t.price,
            t.total,
            t.transaction_time,
            t.product_id,
            COALESCE(c.category_name, 'Uncategorized') AS category FROM transactions t
            LEFT JOIN categories c
            ON t.category_id = c.category_id;

        ': 1146 (42S02): Table 'live_data_project.categories' doesn't exist
2026-01-27 16:15:19,732 - INFO - Data fetched successfully
2026-01-27 16:16:27,233 - INFO - Data fetched successfully
2026-01-27 16:17:27,048 - INFO - Data fetched successfully
2026-01-27 16:18:27,062 - INFO - Data fetched successfully
2026-01-27 16:18:57,178 - INFO - Data fetched successfully
2026-01-27 16:20:05,058 - INFO - Data fetched successfully
2026-01-27 16:21:05,060 - INFO - Data fetched successfully
2026-01-27 16:22:05,053 - INFO - Data fetched successfully
2026-01-27 16:23:05,050 - INFO - Data fetched successfully
2026-01-27 16:24:05,053 - INFO - Data fetched successfully
2026-01-27 16:25:05,139 - INFO - Data fetched successfully
2026-01-27 16:25:54,067 - INFO - Data fetched successfully
2026-01-27 16:27:01,757 - INFO - Data fetched successfully
2026-01-27 16:28:02,037 - INFO - Data fetched successfully
2026-01-27 16:29:02,135 - INFO - Data fetched successfully
2026-01-27 16:30:02,033 - INFO - Data fetched successfully
2026-01-27 16:31:02,049 - INFO - Data fetched successfully
2026-01-27 16:32:02,055 - INFO - Data fetched successfully
2026-01-27 16:33:02,059 - INFO - Data fetched successfully
2026-01-27 16:34:03,062 - INFO - Data fetched successfully
2026-01-27 16:35:01,718 - INFO - Data fetched successfully
2026-01-27 16:36:01,730 - INFO - Data fetched successfully
2026-01-27 16:37:02,062 - INFO - Data fetched successfully
2026-01-27 16:38:03,820 - INFO - Data fetched successfully
2026-01-27 16:39:02,056 - INFO - Data fetched successfully
2026-01-27 16:40:03,121 - INFO - Data fetched successfully
2026-01-27 16:41:04,180 - INFO - Data fetched successfully
2026-01-27 16:42:01,883 - INFO - Data fetched successfully
2026-01-27 16:43:01,755 - INFO - Data fetched successfully
2026-01-27 16:44:01,941 - INFO - Data fetched successfully
2026-01-27 16:45:01,767 - INFO - Data fetched successfully
2026-01-27 16:46:02,028 - INFO - Data fetched successfully
2026-01-27 16:47:03,080 - INFO - Data fetched successfully
2026-01-27 16:48:04,057 - INFO - Data fetched successfully
2026-01-27 16:49:05,071 - INFO - Data fetched successfully
2026-01-27 16:50:06,078 - INFO - Data fetched successfully
2026-01-27 16:51:07,060 - INFO - Data fetched successfully
2026-01-27 16:52:08,070 - INFO - Data fetched successfully
2026-01-27 16:53:09,068 - INFO - Data fetched successfully
2026-01-27 16:54:10,067 - INFO - Data fetched successfully
2026-01-27 16:55:11,052 - INFO - Data fetched successfully
2026-01-27 16:56:12,062 - INFO - Data fetched successfully
2026-01-27 16:57:13,059 - INFO - Data fetched successfully
2026-01-27 16:58:14,077 - INFO - Data fetched successfully
2026-01-27 16:59:02,365 - INFO - Data fetched successfully
2026-01-27 17:00:02,119 - INFO - Data fetched successfully
2026-01-27 17:01:02,063 - INFO - Data fetched successfully
2026-01-27 17:02:03,087 - INFO - Data fetched successfully
2026-01-27 17:03:01,763 - INFO - Data fetched successfully
2026-01-28 13:08:04,343 - INFO - package: mysql.connector.plugins
2026-01-28 13:08:04,344 - INFO - plugin_name: caching_sha2_password
2026-01-28 13:08:04,345 - INFO - AUTHENTICATION_PLUGIN_CLASS: MySQLCachingSHA2PasswordAuthPlugin
2026-01-28 13:08:04,519 - INFO - Data fetched successfully
2026-01-28 13:09:28,676 - INFO - Data fetched successfully
2026-01-28 13:11:11,199 - INFO - Data fetched successfully
2026-01-28 13:12:08,614 - INFO - Data fetched successfully
2026-01-28 13:13:15,330 - INFO - Data fetched successfully
2026-01-29 16:13:01,090 - INFO - package: mysql.connector.plugins
2026-01-29 16:13:01,091 - INFO - plugin_name: caching_sha2_password
2026-01-29 16:13:01,092 - INFO - AUTHENTICATION_PLUGIN_CLASS: MySQLCachingSHA2PasswordAuthPlugin
2026-01-29 16:13:01,299 - INFO - Data fetched successfully
2026-01-29 16:13:32,684 - INFO - Data fetched successfully
2026-01-30 15:01:00,994 - INFO - package: mysql.connector.plugins
2026-01-30 15:01:00,995 - INFO - plugin_name: caching_sha2_password
2026-01-30 15:01:00,995 - INFO - AUTHENTICATION_PLUGIN_CLASS: MySQLCachingSHA2PasswordAuthPlugin
2026-01-30 15:01:01,152 - INFO - Data fetched successfully
2026-01-30 15:02:15,677 - INFO - Data fetched successfully
2026-01-30 15:03:15,667 - INFO - Data fetched successfully
2026-01-30 15:04:15,649 - INFO - Data fetched successfully
2026-01-30 15:05:15,760 - INFO - Data fetched successfully
2026-01-30 15:06:15,687 - INFO - Data fetched successfully
2026-01-30 15:07:15,656 - INFO - Data fetched successfully
2026-01-30 15:08:15,664 - INFO - Data fetched successfully
2026-02-01 11:44:29,607 - INFO - package: mysql.connector.plugins
2026-02-01 11:44:29,608 - INFO - plugin_name: caching_sha2_password
2026-02-01 11:44:29,608 - INFO - AUTHENTICATION_PLUGIN_CLASS: MySQLCachingSHA2PasswordAuthPlugin
2026-02-01 11:44:29,784 - INFO - Data fetched successfully
2026-02-01 11:45:10,226 - INFO - Data fetched successfully
2026-02-01 11:45:52,699 - INFO - Data fetched successfully
2026-02-01 11:46:10,674 - INFO - Data fetched successfully
2026-02-01 11:47:17,716 - INFO - Data fetched successfully
2026-02-01 11:47:55,513 - INFO - Data fetched successfully
2026-02-01 11:49:03,301 - INFO - Data fetched successfully
2026-02-01 11:49:46,849 - INFO - Data fetched successfully
2026-02-01 11:50:54,729 - INFO - Data fetched successfully
2026-02-01 11:51:08,410 - INFO - Data fetched successfully
2026-02-01 11:52:16,738 - INFO - Data fetched successfully
2026-02-01 11:53:16,711 - INFO - Data fetched successfully
2026-02-01 11:54:16,775 - INFO - Data fetched successfully
2026-02-01 11:55:16,305 - INFO - Data fetched successfully
2026-02-01 11:56:16,308 - INFO - Data fetched successfully
2026-02-01 11:57:16,298 - INFO - Data fetched successfully
2026-02-01 11:58:16,322 - INFO - Data fetched successfully
2026-02-01 11:59:06,749 - INFO - Data fetched successfully
2026-02-01 12:00:16,714 - INFO - Data fetched successfully
2026-02-01 12:01:16,811 - INFO - Data fetched successfully
2026-02-01 12:02:16,695 - INFO - Data fetched successfully
2026-02-01 12:03:16,751 - INFO - Data fetched successfully
2026-02-01 12:04:16,819 - INFO - Data fetched successfully
2026-02-01 12:04:35,556 - INFO - package: mysql.connector.plugins
2026-02-01 12:04:35,556 - INFO - plugin_name: caching_sha2_password
2026-02-01 12:04:35,557 - INFO - AUTHENTICATION_PLUGIN_CLASS: MySQLCachingSHA2PasswordAuthPlugin
2026-02-01 12:04:35,581 - INFO - Data fetched successfully
2026-02-01 12:05:16,684 - INFO - Data fetched successfully
2026-02-01 12:06:16,711 - INFO - Data fetched successfully
2026-02-01 12:07:18,802 - INFO - Data fetched successfully
2026-02-01 12:08:26,688 - INFO - Data fetched successfully
2026-02-01 12:09:26,723 - INFO - Data fetched successfully
2026-02-01 12:10:26,727 - INFO - Data fetched successfully
2026-02-01 12:11:26,723 - INFO - Data fetched successfully
2026-02-01 12:12:04,840 - INFO - Data fetched successfully
2026-02-01 12:12:38,998 - INFO - Data fetched successfully
2026-02-01 12:12:54,993 - INFO - Data fetched successfully
2026-02-01 12:13:12,725 - INFO - Data fetched successfully
2026-02-01 12:13:19,711 - INFO - Data fetched successfully
2026-02-01 12:14:12,662 - INFO - Data fetched successfully
2026-02-01 12:15:12,690 - INFO - Data fetched successfully
2026-02-01 12:16:12,711 - INFO - Data fetched successfully
2026-02-01 12:17:12,720 - INFO - Data fetched successfully
2026-02-01 12:18:12,708 - INFO - Data fetched successfully
2026-02-01 12:19:12,682 - INFO - Data fetched successfully
2026-02-01 12:20:13,709 - INFO - Data fetched successfully
2026-02-01 12:21:14,770 - INFO - Data fetched successfully
2026-02-01 12:22:15,861 - INFO - Data fetched successfully
2026-02-01 12:23:16,786 - INFO - Data fetched successfully
2026-02-01 12:23:54,507 - INFO - Data fetched successfully
2026-02-01 12:25:02,703 - INFO - Data fetched successfully
2026-02-01 12:26:02,698 - INFO - Data fetched successfully
2026-02-01 12:27:02,724 - INFO - Data fetched successfully
2026-02-01 12:28:02,698 - INFO - Data fetched successfully
2026-02-01 12:29:02,800 - INFO - Data fetched successfully
2026-02-01 12:30:02,852 - INFO - Data fetched successfully
2026-02-01 12:30:35,725 - INFO - Data fetched successfully
2026-02-01 12:35:48,645 - INFO - Data fetched successfully
2026-02-01 12:38:15,226 - INFO - Data fetched successfully
2026-02-01 12:42:48,269 - INFO - Data fetched successfully
2026-02-01 12:43:26,748 - INFO - Data fetched successfully
2026-02-01 12:43:42,768 - INFO - Data fetched successfully
2026-02-01 12:43:57,015 - INFO - Data fetched successfully
2026-02-01 12:44:35,442 - INFO - Data fetched successfully
2026-02-01 12:45:43,110 - INFO - Data fetched successfully
2026-02-01 12:46:43,720 - INFO - Data fetched successfully
2026-02-01 12:47:43,690 - INFO - Data fetched successfully
2026-02-01 12:48:43,729 - INFO - Data fetched successfully
2026-02-01 12:49:43,808 - INFO - Data fetched successfully
2026-02-01 12:50:43,789 - INFO - Data fetched successfully
2026-02-01 12:51:43,725 - INFO - Data fetched successfully
2026-02-01 12:52:44,699 - INFO - Data fetched successfully
2026-02-01 12:53:45,692 - INFO - Data fetched successfully
2026-02-01 12:54:46,742 - INFO - Data fetched successfully
2026-02-01 12:55:47,709 - INFO - Data fetched successfully
2026-02-01 12:56:48,808 - INFO - Data fetched successfully
2026-02-01 12:56:54,293 - INFO - Data fetched successfully
2026-02-01 12:57:42,746 - INFO - Data fetched successfully
2026-02-01 12:58:50,808 - INFO - Data fetched successfully
2026-02-01 12:59:13,514 - INFO - Data fetched successfully
2026-02-01 13:00:21,747 - INFO - Data fetched successfully
2026-02-01 13:01:21,820 - INFO - Data fetched successfully
2026-02-01 13:01:37,752 - INFO - Data fetched successfully
2026-02-01 13:02:44,842 - INFO - Data fetched successfully
2026-02-01 13:03:44,715 - INFO - Data fetched successfully
2026-02-01 13:04:24,362 - INFO - Data fetched successfully
2026-02-01 13:05:32,711 - INFO - Data fetched successfully
2026-02-01 13:06:32,734 - INFO - Data fetched successfully
2026-02-01 13:07:32,820 - INFO - Data fetched successfully
2026-02-01 13:08:32,733 - INFO - Data fetched successfully
2026-02-01 13:09:32,712 - INFO - Data fetched successfully
2026-02-01 13:10:32,226 - INFO - Data fetched successfully
2026-02-01 13:11:15,170 - INFO - Data fetched successfully
2026-02-01 13:11:51,508 - INFO - Data fetched successfully
2026-02-01 13:12:11,889 - INFO - Data fetched successfully
2026-02-01 13:13:17,721 - INFO - Data fetched successfully
2026-02-01 13:14:17,786 - INFO - Data fetched successfully
2026-02-01 13:14:34,399 - INFO - Data fetched successfully
2026-02-01 13:15:16,885 - INFO - Data fetched successfully
2026-02-01 13:16:16,888 - INFO - Data fetched successfully
2026-02-01 13:17:16,900 - INFO - Data fetched successfully
2026-02-01 13:18:17,747 - INFO - Data fetched successfully
2026-02-01 13:19:16,886 - INFO - Data fetched successfully
2026-02-01 13:20:17,731 - INFO - Data fetched successfully
2026-02-01 13:21:18,763 - INFO - Data fetched successfully
2026-02-01 13:22:19,819 - INFO - Data fetched successfully
2026-02-01 13:23:17,720 - INFO - Data fetched successfully
2026-02-01 13:24:18,797 - INFO - Data fetched successfully
2026-02-01 13:25:17,848 - INFO - Data fetched successfully
2026-02-01 13:26:17,827 - INFO - Data fetched successfully
2026-02-01 13:27:09,451 - INFO - Data fetched successfully
2026-02-01 18:21:52,208 - INFO - package: mysql.connector.plugins
2026-02-01 18:21:52,209 - INFO - plugin_name: caching_sha2_password
2026-02-01 18:21:52,209 - INFO - AUTHENTICATION_PLUGIN_CLASS: MySQLCachingSHA2PasswordAuthPlugin
2026-02-01 18:21:52,356 - INFO - Data fetched successfully
2026-02-01 18:22:26,237 - INFO - Data fetched successfully
2026-02-01 18:23:15,499 - INFO - Data fetched successfully
2026-02-01 18:23:59,651 - INFO - Data fetched successfully
2026-02-01 18:24:11,825 - INFO - Data fetched successfully
2026-02-01 18:24:16,098 - INFO - Data fetched successfully
2026-02-01 18:25:15,498 - INFO - Data fetched successfully
2026-02-01 18:26:15,195 - INFO - Data fetched successfully
2026-02-01 18:27:15,195 - INFO - Data fetched successfully
2026-02-01 18:28:15,213 - INFO - Data fetched successfully
2026-02-01 18:29:15,201 - INFO - Data fetched successfully
2026-02-01 18:30:15,215 - INFO - Data fetched successfully
2026-02-01 18:31:15,220 - INFO - Data fetched successfully
2026-02-01 18:32:15,210 - INFO - Data fetched successfully
2026-02-01 18:33:15,482 - INFO - Data fetched successfully
2026-02-01 18:34:16,369 - INFO - Data fetched successfully
2026-02-01 18:35:16,462 - INFO - Data fetched successfully
2026-02-01 18:36:15,464 - INFO - Data fetched successfully
2026-02-01 18:37:15,266 - INFO - Data fetched successfully
2026-02-01 18:38:15,453 - INFO - Data fetched successfully
2026-02-01 18:39:15,181 - INFO - Data fetched successfully
2026-02-01 18:40:15,226 - INFO - Data fetched successfully
2026-02-01 18:41:15,179 - INFO - Data fetched successfully
2026-02-01 18:42:15,207 - INFO - Data fetched successfully
2026-02-01 18:43:15,204 - INFO - Data fetched successfully
2026-02-01 18:44:15,203 - INFO - Data fetched successfully
2026-02-01 18:45:15,213 - INFO - Data fetched successfully
2026-02-01 18:46:15,229 - INFO - Data fetched successfully
2026-02-01 18:47:15,467 - INFO - Data fetched successfully
2026-02-01 18:48:16,512 - INFO - Data fetched successfully
2026-02-01 18:48:27,311 - INFO - Data fetched successfully
2026-02-01 18:48:48,151 - INFO - Data fetched successfully
2026-02-01 18:49:31,236 - INFO - Data fetched successfully
2026-02-01 18:49:59,539 - INFO - Data fetched successfully
2026-02-01 18:50:38,908 - INFO - Data fetched successfully
2026-02-01 18:51:31,142 - INFO - Data fetched successfully
2026-02-01 18:52:17,915 - INFO - Data fetched successfully
2026-02-01 18:52:39,990 - INFO - Data fetched successfully
2026-02-01 18:53:23,500 - INFO - Data fetched successfully
2026-02-01 18:53:29,787 - INFO - Data fetched successfully
2026-02-01 18:54:17,632 - INFO - Data fetched successfully
2026-02-01 18:55:03,276 - INFO - Data fetched successfully
2026-02-01 18:56:10,648 - INFO - Data fetched successfully
2026-02-01 18:57:10,613 - INFO - Data fetched successfully
2026-02-01 18:58:10,629 - INFO - Data fetched successfully
2026-02-01 18:59:10,628 - INFO - Data fetched successfully
2026-02-01 19:00:11,467 - INFO - Data fetched successfully
2026-02-01 19:01:11,475 - INFO - Data fetched successfully
2026-02-01 19:02:11,482 - INFO - Data fetched successfully
2026-02-01 19:03:12,465 - INFO - Data fetched successfully
2026-02-01 19:04:13,482 - INFO - Data fetched successfully
2026-02-01 19:05:14,471 - INFO - Data fetched successfully
2026-02-01 19:06:15,479 - INFO - Data fetched successfully
2026-02-01 19:07:16,510 - INFO - Data fetched successfully
2026-02-01 19:08:17,469 - INFO - Data fetched successfully
2026-02-01 19:09:18,475 - INFO - Data fetched successfully
2026-02-01 19:10:19,476 - INFO - Data fetched successfully
2026-02-01 19:11:20,496 - INFO - Data fetched successfully
2026-02-01 19:12:21,489 - INFO - Data fetched successfully
2026-02-01 19:13:22,515 - INFO - Data fetched successfully
2026-02-01 19:14:23,480 - INFO - Data fetched successfully
2026-02-01 19:15:24,485 - INFO - Data fetched successfully
2026-02-01 19:16:25,492 - INFO - Data fetched successfully
2026-02-01 19:17:26,497 - INFO - Data fetched successfully
2026-02-01 19:18:27,492 - INFO - Data fetched successfully
2026-02-01 19:19:28,474 - INFO - Data fetched successfully
2026-02-01 19:20:29,459 - INFO - Data fetched successfully
2026-02-01 19:21:30,495 - INFO - Data fetched successfully
2026-02-01 19:22:31,521 - INFO - Data fetched successfully
2026-02-01 19:23:32,474 - INFO - Data fetched successfully
